Debug: 2010-12-02_22-56-24 C:\My Dropbox\AHKs\temporary7.ahk 
   SILENT LOG Hello World!

Debug: 2010-12-02_23-12-21 C:\My Dropbox\AHKs\temporary4.ahk 
   silent log
   temporary4.ahk
   What on earth, we didn't even see the usaa logo

Debug: 2010-12-02_23-12-21 C:\My Dropbox\AHKs\temporary4.ahk 
   silent log
   temporary4.ahk
   thought this was a candidate for deletion
   saw that weird member access page

Debug: 2010-12-02_23-12-56 C:\My Dropbox\AHKs\temporary4.ahk 
   silent log
   just copied to clipboard

Debug: 2010-12-02_23-14-37 C:\My Dropbox\AHKs\temporary4.ahk 
   silent log
   clipboard is no longer null

Debug: 2010-12-02_23-14-42 C:\My Dropbox\AHKs\temporary4.ahk 
   silent log from getacctinfo
   igloo
   1000.19

Debug: 2010-12-02_23-14-59 C:\My Dropbox\AHKs\temporary4.ahk 
   silent log
   just copied to clipboard

Debug: 2010-12-02_23-16-20 C:\My Dropbox\AHKs\temporary4.ahk 
   silent log
   clipboard is no longer null

Debug: 2010-12-02_23-16-25 C:\My Dropbox\AHKs\temporary4.ahk 
   silent log from getacctinfo
   igloo
   601.16

Debug: 2010-12-02_23-16-35 C:\My Dropbox\AHKs\temporary4.ahk 
   silent log
   just copied to clipboard

Debug: 2010-12-02_23-16-35 C:\My Dropbox\AHKs\temporary4.ahk 
   silent log
   clipboard is no longer null

Debug: 2010-12-02_23-16-40 C:\My Dropbox\AHKs\temporary4.ahk 
   silent log from getacctinfo
   igloo
   

Debug: 2010-12-02_23-16-40 C:\My Dropbox\AHKs\temporary4.ahk 
   silent log
   2010-12-02_23-12-09,1000.19,601.16,,

Debug: 2010-12-02_23-17-02 C:\My Dropbox\AHKs\temporary4.ahk 
   silent log
   temporary4.ahk
   What on earth, we didn't even see the usaa logo

Debug: 2010-12-02_23-17-03 C:\My Dropbox\AHKs\temporary4.ahk 
   silent log
   temporary4.ahk
   thought this was a candidate for deletion
   saw that weird member access page

Debug: 2010-12-02_23-20-04 C:\My Dropbox\AHKs\temporary4.ahk 
   silent log
   just copied to clipboard

Debug: 2010-12-02_23-20-04 C:\My Dropbox\AHKs\temporary4.ahk 
   silent log
   clipboard is no longer null

Debug: 2010-12-02_23-20-10 C:\My Dropbox\AHKs\temporary4.ahk 
   silent log from getacctinfo
   igloo
   1000.19

Debug: 2010-12-02_23-20-24 C:\My Dropbox\AHKs\temporary4.ahk 
   silent log
   just copied to clipboard

Debug: 2010-12-02_23-20-24 C:\My Dropbox\AHKs\temporary4.ahk 
   silent log
   clipboard is no longer null

Debug: 2010-12-02_23-20-30 C:\My Dropbox\AHKs\temporary4.ahk 
   silent log from getacctinfo
   igloo
   601.16

Debug: 2010-12-02_23-20-44 C:\My Dropbox\AHKs\temporary4.ahk 
   silent log
   just copied to clipboard

Debug: 2010-12-02_23-20-44 C:\My Dropbox\AHKs\temporary4.ahk 
   silent log
   clipboard is no longer null

Debug: 2010-12-02_23-20-50 C:\My Dropbox\AHKs\temporary4.ahk 
   silent log from getacctinfo
   igloo
   770.52

Debug: 2010-12-02_23-20-50 C:\My Dropbox\AHKs\temporary4.ahk 
   silent log
   2010-12-02_23-19-15,1000.19,601.16,770.52,830.83

Debug: 2010-12-02_23-23-36 C:\My Dropbox\AHKs\temporary4.ahk 
   silent log
   temporary4.ahk
   What on earth, we didn't even see the usaa logo

Debug: 2010-12-02_23-23-36 C:\My Dropbox\AHKs\temporary4.ahk 
   silent log
   temporary4.ahk
   thought this was a candidate for deletion
   saw that weird member access page

Debug: 2010-12-02_23-24-15 C:\My Dropbox\AHKs\temporary4.ahk 
   silent log
   just copied to clipboard

Debug: 2010-12-02_23-24-15 C:\My Dropbox\AHKs\temporary4.ahk 
   silent log
   clipboard is no longer null after # of tries:
   1

Debug: 2010-12-02_23-24-21 C:\My Dropbox\AHKs\temporary4.ahk 
   silent log from getacctinfo
   igloo
   1000.19

Debug: 2010-12-02_23-24-35 C:\My Dropbox\AHKs\temporary4.ahk 
   silent log
   just copied to clipboard

Debug: 2010-12-02_23-24-36 C:\My Dropbox\AHKs\temporary4.ahk 
   silent log
   clipboard is no longer null after # of tries:
   2

Debug: 2010-12-02_23-24-42 C:\My Dropbox\AHKs\temporary4.ahk 
   silent log from getacctinfo
   igloo
   601.16

Debug: 2010-12-02_23-24-56 C:\My Dropbox\AHKs\temporary4.ahk 
   silent log
   just copied to clipboard

Debug: 2010-12-02_23-24-56 C:\My Dropbox\AHKs\temporary4.ahk 
   silent log
   clipboard is no longer null after # of tries:
   1

Debug: 2010-12-02_23-25-02 C:\My Dropbox\AHKs\temporary4.ahk 
   silent log from getacctinfo
   igloo
   770.52

Debug: 2010-12-02_23-25-02 C:\My Dropbox\AHKs\temporary4.ahk 
   silent log
   2010-12-02_23-23-25,1000.19,601.16,770.52,830.83

Debug: 2010-12-02_23-26-59 C:\My Dropbox\AHKs\temporary4.ahk 
   silent log
   just copied to clipboard

Debug: 2010-12-02_23-26-59 C:\My Dropbox\AHKs\temporary4.ahk 
   silent log
   clipboard is no longer null after # of tries:
   1

Debug: 2010-12-02_23-27-04 C:\My Dropbox\AHKs\temporary4.ahk 
   silent log from getacctinfo
   igloo
   1000.19

Debug: 2010-12-02_23-27-14 C:\My Dropbox\AHKs\temporary4.ahk 
   silent log
   just copied to clipboard

Debug: 2010-12-02_23-27-14 C:\My Dropbox\AHKs\temporary4.ahk 
   silent log
   clipboard is no longer null after # of tries:
   1

Debug: 2010-12-02_23-27-19 C:\My Dropbox\AHKs\temporary4.ahk 
   silent log from getacctinfo
   igloo
   601.16

Debug: 2010-12-02_23-27-30 C:\My Dropbox\AHKs\temporary4.ahk 
   silent log
   just copied to clipboard

Debug: 2010-12-02_23-27-30 C:\My Dropbox\AHKs\temporary4.ahk 
   silent log
   clipboard is no longer null after # of tries:
   1

Debug: 2010-12-02_23-27-35 C:\My Dropbox\AHKs\temporary4.ahk 
   silent log from getacctinfo
   igloo
   770.52

Debug: 2010-12-02_23-27-35 C:\My Dropbox\AHKs\temporary4.ahk 
   silent log
   2010-12-02_23-26-15,1000.19,601.16,770.52,830.83

Debug: 2010-12-02_23-28-30 C:\My Dropbox\AHKs\temporary4.ahk 
   silent log
   just copied to clipboard

Debug: 2010-12-02_23-28-30 C:\My Dropbox\AHKs\temporary4.ahk 
   silent log
   clipboard is no longer null after # of tries:
   1

Debug: 2010-12-02_23-28-35 C:\My Dropbox\AHKs\temporary4.ahk 
   silent log from getacctinfo
   igloo
   1000.19

Debug: 2010-12-02_23-28-45 C:\My Dropbox\AHKs\temporary4.ahk 
   silent log
   just copied to clipboard

Debug: 2010-12-02_23-28-45 C:\My Dropbox\AHKs\temporary4.ahk 
   silent log
   clipboard is no longer null after # of tries:
   1

Debug: 2010-12-02_23-28-51 C:\My Dropbox\AHKs\temporary4.ahk 
   silent log from getacctinfo
   igloo
   601.16

Debug: 2010-12-02_23-29-02 C:\My Dropbox\AHKs\temporary4.ahk 
   silent log
   just copied to clipboard

Debug: 2010-12-02_23-29-02 C:\My Dropbox\AHKs\temporary4.ahk 
   silent log
   clipboard is no longer null after # of tries:
   1

Debug: 2010-12-02_23-29-07 C:\My Dropbox\AHKs\temporary4.ahk 
   silent log from getacctinfo
   igloo
   770.52

Debug: 2010-12-02_23-29-07 C:\My Dropbox\AHKs\temporary4.ahk 
   silent log
   2010-12-02_23-27-45,1000.19,601.16,770.52,830.83

Debug: 2010-12-02_23-30-00 C:\My Dropbox\AHKs\temporary4.ahk 
   silent log
   just copied to clipboard

Debug: 2010-12-02_23-30-00 C:\My Dropbox\AHKs\temporary4.ahk 
   silent log
   clipboard is no longer null after # of tries:
   1

Debug: 2010-12-02_23-30-06 C:\My Dropbox\AHKs\temporary4.ahk 
   silent log from getacctinfo
   igloo
   1000.19

Debug: 2010-12-02_23-30-16 C:\My Dropbox\AHKs\temporary4.ahk 
   silent log
   just copied to clipboard

Debug: 2010-12-02_23-30-16 C:\My Dropbox\AHKs\temporary4.ahk 
   silent log
   clipboard is no longer null after # of tries:
   1

Debug: 2010-12-02_23-30-21 C:\My Dropbox\AHKs\temporary4.ahk 
   silent log from getacctinfo
   igloo
   601.16

Debug: 2010-12-02_23-30-32 C:\My Dropbox\AHKs\temporary4.ahk 
   silent log
   just copied to clipboard

Debug: 2010-12-02_23-30-32 C:\My Dropbox\AHKs\temporary4.ahk 
   silent log
   clipboard is no longer null after # of tries:
   1

Debug: 2010-12-02_23-30-37 C:\My Dropbox\AHKs\temporary4.ahk 
   silent log from getacctinfo
   igloo
   770.52

Debug: 2010-12-02_23-30-37 C:\My Dropbox\AHKs\temporary4.ahk 
   silent log
   2010-12-02_23-29-17,1000.19,601.16,770.52,830.83

Debug: 2010-12-02_23-31-39 C:\My Dropbox\AHKs\temporary4.ahk 
   silent log
   just copied to clipboard

Debug: 2010-12-02_23-31-39 C:\My Dropbox\AHKs\temporary4.ahk 
   silent log
   clipboard is no longer null after # of tries:
   1

Debug: 2010-12-02_23-31-44 C:\My Dropbox\AHKs\temporary4.ahk 
   silent log from getacctinfo
   igloo
   1000.19

Debug: 2010-12-02_23-31-54 C:\My Dropbox\AHKs\temporary4.ahk 
   silent log
   just copied to clipboard

Debug: 2010-12-02_23-31-54 C:\My Dropbox\AHKs\temporary4.ahk 
   silent log
   clipboard is no longer null after # of tries:
   1

Debug: 2010-12-02_23-31-59 C:\My Dropbox\AHKs\temporary4.ahk 
   silent log from getacctinfo
   igloo
   601.16

Debug: 2010-12-02_23-32-09 C:\My Dropbox\AHKs\temporary4.ahk 
   silent log
   just copied to clipboard

Debug: 2010-12-02_23-32-09 C:\My Dropbox\AHKs\temporary4.ahk 
   silent log
   clipboard is no longer null after # of tries:
   1

Debug: 2010-12-02_23-32-14 C:\My Dropbox\AHKs\temporary4.ahk 
   silent log from getacctinfo
   igloo
   770.52

Debug: 2010-12-02_23-32-15 C:\My Dropbox\AHKs\temporary4.ahk 
   silent log
   2010-12-02_23-30-56,1000.19,601.16,770.52,830.83

Debug: 2010-12-02_23-43-32 C:\My Dropbox\AHKs\temporary4.ahk 
   silent log
   temporary4.ahk
   What on earth, we didn't even see the usaa logo

Debug: 2010-12-02_23-44-01 C:\My Dropbox\AHKs\temporary4.ahk 
   silent log
   just copied to clipboard

Debug: 2010-12-02_23-44-01 C:\My Dropbox\AHKs\temporary4.ahk 
   silent log
   clipboard is no longer null after # of tries:
   7

Debug: 2010-12-02_23-44-07 C:\My Dropbox\AHKs\temporary4.ahk 
   silent log from getacctinfo
   igloo
   

Debug: 2010-12-02_23-44-10 C:\My Dropbox\AHKs\temporary4.ahk 
   silent log
   just copied to clipboard

Debug: 2010-12-02_23-44-10 C:\My Dropbox\AHKs\temporary4.ahk 
   silent log
   clipboard is no longer null after # of tries:
   7

Debug: 2010-12-02_23-44-16 C:\My Dropbox\AHKs\temporary4.ahk 
   silent log from getacctinfo
   igloo
   

Debug: 2010-12-02_23-44-20 C:\My Dropbox\AHKs\temporary4.ahk 
   silent log
   just copied to clipboard

Debug: 2010-12-02_23-44-20 C:\My Dropbox\AHKs\temporary4.ahk 
   silent log
   clipboard is no longer null after # of tries:
   5

Debug: 2010-12-02_23-44-26 C:\My Dropbox\AHKs\temporary4.ahk 
   silent log from getacctinfo
   igloo
   

Debug: 2010-12-02_23-44-26 C:\My Dropbox\AHKs\temporary4.ahk 
   silent log
   2010-12-02_23-43-22,,,,

ERROR: 2010-12-02_23-44-26 C:\My Dropbox\AHKs\temporary4.ahk 
   LOG ERRORD FATAL
   temporary4.ahk
   69
   
   login attempt completely unsuccessful

ERROR: 2010-12-02_23-44-27 C:\My Dropbox\AHKs\SendQueuedEmails.ahk 
   LOG ERRORD
   Function Name:	"AddAttachment"
ERROR:		(0x800C000D)
PROG:	CDO.Message.1
DESC:	Unknown Error
HELP:	,0

ERROR2:	Member not found.
	(0x80020003)

Debug: 2010-12-02_23-51-36 C:\My Dropbox\AHKs\temporary4.ahk 
   silent log
   temporary4.ahk
   What on earth, we didn't even see the usaa logo

Debug: 2010-12-02_23-52-05 C:\My Dropbox\AHKs\temporary4.ahk 
   silent log
   just copied to clipboard

Debug: 2010-12-02_23-53-35 C:\My Dropbox\AHKs\temporary4.ahk 
   silent log
   temporary4.ahk
   What on earth, we didn't even see the usaa logo

Debug: 2010-12-02_23-55-36 C:\My Dropbox\AHKs\temporary4.ahk 
   silent log
   just copied to clipboard

Debug: 2010-12-02_23-55-36 C:\My Dropbox\AHKs\temporary4.ahk 
   silent log
   clipboard is no longer null after # of tries:
   1

Debug: 2010-12-02_23-55-42 C:\My Dropbox\AHKs\temporary4.ahk 
   silent log from getacctinfo
   igloo
   

Debug: 2010-12-02_23-55-48 C:\My Dropbox\AHKs\temporary4.ahk 
   silent log
   just copied to clipboard

Debug: 2010-12-02_23-55-48 C:\My Dropbox\AHKs\temporary4.ahk 
   silent log
   clipboard is no longer null after # of tries:
   1

Debug: 2010-12-02_23-56-29 C:\My Dropbox\AHKs\temporary4.ahk 
   silent log
   temporary4.ahk
   What on earth, we didn't even see the usaa logo

Debug: 2010-12-02_23-56-40 C:\My Dropbox\AHKs\temporary4.ahk 
   silent log
   temporary4.ahk
   What on earth, we didn't even see the usaa logo

Debug: 2010-12-02_23-57-11 C:\My Dropbox\AHKs\temporary4.ahk 
   silent log
   just copied to clipboard

Debug: 2010-12-02_23-57-11 C:\My Dropbox\AHKs\temporary4.ahk 
   silent log
   clipboard is no longer null after # of tries:
   1

Debug: 2010-12-02_23-57-18 C:\My Dropbox\AHKs\temporary4.ahk 
   silent log from getacctinfo
   igloo
   

Debug: 2010-12-03_00-01-33 C:\My Dropbox\AHKs\temporary4.ahk 
   silent log
   temporary4.ahk
   What on earth, we didn't even see the usaa logo

Debug: 2010-12-03_00-01-51 C:\My Dropbox\AHKs\temporary4.ahk 
   silent log
   temporary4.ahk
   What on earth, we didn't even see the usaa logo

Debug: 2010-12-03_00-02-32 C:\My Dropbox\AHKs\temporary4.ahk 
   silent log
   clipboard is no longer null after # of tries:
   1

Debug: 2010-12-03_00-02-38 C:\My Dropbox\AHKs\temporary4.ahk 
   silent log from getacctinfo
   igloo
   1000.19

Debug: 2010-12-03_00-02-54 C:\My Dropbox\AHKs\temporary4.ahk 
   silent log
   clipboard is no longer null after # of tries:
   1

Debug: 2010-12-03_00-03-01 C:\My Dropbox\AHKs\temporary4.ahk 
   silent log from getacctinfo
   igloo
   601.16

Debug: 2010-12-03_00-03-15 C:\My Dropbox\AHKs\temporary4.ahk 
   silent log
   clipboard is no longer null after # of tries:
   1

Debug: 2010-12-03_00-03-21 C:\My Dropbox\AHKs\temporary4.ahk 
   silent log from getacctinfo
   igloo
   770.52

Debug: 2010-12-03_00-03-21 C:\My Dropbox\AHKs\temporary4.ahk 
   silent log
   2010-12-03_00-01-41,1000.19,601.16,770.52,830.83

Debug: 2010-12-03_00-05-09 C:\My Dropbox\AHKs\temporary4.ahk 
   silent log
   temporary4.ahk
   What on earth, we didn't even see the usaa logo

Debug: 2010-12-03_00-05-49 C:\My Dropbox\AHKs\temporary4.ahk 
   silent log
   clipboard is no longer null after # of tries:
   1

Debug: 2010-12-03_00-05-55 C:\My Dropbox\AHKs\temporary4.ahk 
   silent log from getacctinfo
   igloo
   1000.19

Debug: 2010-12-03_00-06-09 C:\My Dropbox\AHKs\temporary4.ahk 
   silent log
   clipboard is no longer null after # of tries:
   1

Debug: 2010-12-03_00-06-16 C:\My Dropbox\AHKs\temporary4.ahk 
   silent log from getacctinfo
   igloo
   601.16

Debug: 2010-12-03_00-06-29 C:\My Dropbox\AHKs\temporary4.ahk 
   silent log
   clipboard is no longer null after # of tries:
   1

Debug: 2010-12-03_00-06-35 C:\My Dropbox\AHKs\temporary4.ahk 
   silent log from getacctinfo
   igloo
   770.52

Debug: 2010-12-03_00-06-35 C:\My Dropbox\AHKs\temporary4.ahk 
   silent log
   2010-12-03_00-05-00,1000.19,601.16,770.52,830.83

Debug: 2010-12-03_00-06-51 C:\My Dropbox\AHKs\temporary4.ahk 
   silent log
   temporary4.ahk
   What on earth, we didn't even see the usaa logo

Debug: 2010-12-03_00-07-30 C:\My Dropbox\AHKs\temporary4.ahk 
   silent log
   clipboard is no longer null after # of tries:
   1

Debug: 2010-12-03_00-07-36 C:\My Dropbox\AHKs\temporary4.ahk 
   silent log from getacctinfo
   igloo
   1000.19

Debug: 2010-12-03_00-07-48 C:\My Dropbox\AHKs\temporary4.ahk 
   silent log
   clipboard is no longer null after # of tries:
   1

Debug: 2010-12-03_00-07-54 C:\My Dropbox\AHKs\temporary4.ahk 
   silent log from getacctinfo
   igloo
   601.16

Debug: 2010-12-03_00-08-07 C:\My Dropbox\AHKs\temporary4.ahk 
   silent log
   clipboard is no longer null after # of tries:
   1

Debug: 2010-12-03_00-08-13 C:\My Dropbox\AHKs\temporary4.ahk 
   silent log from getacctinfo
   igloo
   770.52

Debug: 2010-12-03_00-08-13 C:\My Dropbox\AHKs\temporary4.ahk 
   silent log
   2010-12-03_00-06-41,1000.19,601.16,770.52,830.83

Debug: 2010-12-03_00-08-29 C:\My Dropbox\AHKs\temporary4.ahk 
   silent log
   temporary4.ahk
   What on earth, we didn't even see the usaa logo

Debug: 2010-12-03_00-09-14 C:\My Dropbox\AHKs\temporary4.ahk 
   silent log
   clipboard is no longer null after # of tries:
   1

Debug: 2010-12-03_00-09-20 C:\My Dropbox\AHKs\temporary4.ahk 
   silent log from getacctinfo
   igloo
   1000.19

Debug: 2010-12-03_00-09-32 C:\My Dropbox\AHKs\temporary4.ahk 
   silent log
   clipboard is no longer null after # of tries:
   1

Debug: 2010-12-03_00-09-38 C:\My Dropbox\AHKs\temporary4.ahk 
   silent log from getacctinfo
   igloo
   601.16

Debug: 2010-12-03_00-09-52 C:\My Dropbox\AHKs\temporary4.ahk 
   silent log
   clipboard is no longer null after # of tries:
   1

Debug: 2010-12-03_00-09-58 C:\My Dropbox\AHKs\temporary4.ahk 
   silent log from getacctinfo
   igloo
   770.52

Debug: 2010-12-03_00-09-58 C:\My Dropbox\AHKs\temporary4.ahk 
   silent log
   2010-12-03_00-08-19,1000.19,601.16,770.52,830.83

ERROR: 2010-12-03_07-40-27 INCORRECT USAGE

PROPER USAGE IS: ahk.exe ssmsAppPath user pass destDbName               

Debug: 2010-12-05_15-08-41 C:\My Dropbox\AHKs\temporary4.ahk 
   silent log from getacctinfo
   kids
   1000.19

Debug: 2010-12-05_15-27-14 C:\My Dropbox\AHKs\CaptureAhkImage.ahk 
   silent log
   GetOS
   913
   Note: known errors here with detecting that Phosphorus is running Win7
   A_ComputerName:
   BAUSTIAN-09PC
   A_OSVERSIONNUM:
   
   A_OSVERSION:
   WIN_XP
   Checked using DLLCALL:
   5
   Checked using regread:
   5.1

Debug: 2010-12-05_15-27-14 C:\My Dropbox\AHKs\CaptureAhkImage.ahk 
   silent log
   GetOS
   913
   Note: known errors here with detecting that Phosphorus is running Win7
   A_ComputerName:
   BAUSTIAN-09PC
   A_OSVERSIONNUM:
   
   A_OSVERSION:
   WIN_XP
   Checked using DLLCALL:
   5
   Checked using regread:
   5.1

Debug: 2010-12-05_15-27-31 C:\My Dropbox\AHKs\AutoHotkey.ahk 
   silent log
   GetOS
   913
   Note: known errors here with detecting that Phosphorus is running Win7
   A_ComputerName:
   BAUSTIAN-09PC
   A_OSVERSIONNUM:
   
   A_OSVERSION:
   WIN_XP
   Checked using DLLCALL:
   5
   Checked using regread:
   5.1

Debug: 2010-12-05_15-32-02 C:\My Dropbox\AHKs\temporary4.ahk 
   silent log
   temporary4.ahk
   What on earth, we didn't even see the usaa logo

Debug: 2010-12-05_15-32-47 C:\My Dropbox\AHKs\temporary4.ahk 
   silent log from getacctinfo
   kids
   1000.19

Debug: 2010-12-05_15-38-44 C:\My Dropbox\AHKs\CaptureAhkImage.ahk 
   silent log
   GetOS
   913
   Note: known errors here with detecting that Phosphorus is running Win7
   A_ComputerName:
   BAUSTIAN-09PC
   A_OSVERSIONNUM:
   
   A_OSVERSION:
   WIN_XP
   Checked using DLLCALL:
   5
   Checked using regread:
   5.1

Debug: 2010-12-05_15-38-44 C:\My Dropbox\AHKs\CaptureAhkImage.ahk 
   silent log
   GetOS
   913
   Note: known errors here with detecting that Phosphorus is running Win7
   A_ComputerName:
   BAUSTIAN-09PC
   A_OSVERSIONNUM:
   
   A_OSVERSION:
   WIN_XP
   Checked using DLLCALL:
   5
   Checked using regread:
   5.1

Debug: 2010-12-05_15-39-09 C:\My Dropbox\AHKs\AutoHotkey.ahk 
   silent log
   GetOS
   913
   Note: known errors here with detecting that Phosphorus is running Win7
   A_ComputerName:
   BAUSTIAN-09PC
   A_OSVERSIONNUM:
   
   A_OSVERSION:
   WIN_XP
   Checked using DLLCALL:
   5
   Checked using regread:
   5.1

Debug: 2010-12-05_15-39-19 C:\My Dropbox\AHKs\AutoHotkey.ahk 
   silent log
   GetOS
   913
   Note: known errors here with detecting that Phosphorus is running Win7
   A_ComputerName:
   BAUSTIAN-09PC
   A_OSVERSIONNUM:
   
   A_OSVERSION:
   WIN_XP
   Checked using DLLCALL:
   5
   Checked using regread:
   5.1

Debug: 2010-12-05_15-40-28 C:\My Dropbox\AHKs\AutoHotkey.ahk 
   silent log
   GetOS
   913
   Note: known errors here with detecting that Phosphorus is running Win7
   A_ComputerName:
   BAUSTIAN-09PC
   A_OSVERSIONNUM:
   
   A_OSVERSION:
   WIN_XP
   Checked using DLLCALL:
   5
   Checked using regread:
   5.1

Debug: 2010-12-05_16-07-04 C:\My Dropbox\AHKs\temporary4.ahk 
   silent log
   temporary4.ahk
   What on earth, we didn't even see the usaa logo

Debug: 2010-12-05_22-05-04 C:\My Dropbox\AHKs\temporary3.ahk 
   silent log
   temporary3.ahk
   What on earth, we didn't even see the usaa logo

Debug: 2010-12-05_22-14-59 C:\My Dropbox\AHKs\temporary3.ahk 
   silent log
   temporary3.ahk
   What on earth, we didn't even see the usaa logo

Debug: 2010-12-05_22-16-11 C:\My Dropbox\AHKs\temporary3.ahk 
   silent log
   temporary3.ahk
   What on earth, we didn't even see the usaa logo

Debug: 2010-12-05_22-27-45 C:\My Dropbox\AHKs\temporary3.ahk 
   silent log
   temporary3.ahk
   What on earth, we didn't even see the usaa logo

Debug: 2010-12-05_22-28-04 C:\My Dropbox\AHKs\temporary3.ahk 
   silent log
   temporary3.ahk
   What on earth, we didn't even see the usaa logo

Debug: 2010-12-05_22-29-34 C:\My Dropbox\AHKs\temporary3.ahk 
   silent log
   temporary3.ahk
   What on earth, we didn't even see the usaa logo

Debug: 2010-12-05_22-33-22 C:\My Dropbox\AHKs\temporary3.ahk 
   silent log
   temporary3.ahk
   What on earth, we didn't even see the usaa logo

Debug: 2010-12-05_22-35-06 C:\My Dropbox\AHKs\temporary3.ahk 
   silent log
   temporary3.ahk
   What on earth, we didn't even see the usaa logo

Debug: 2010-12-05_22-36-00 C:\My Dropbox\AHKs\temporary3.ahk 
   silent log
   temporary3.ahk
   What on earth, we didn't even see the usaa logo

Debug: 2010-12-05_22-36-21 C:\My Dropbox\AHKs\temporary3.ahk 
   silent log
   temporary3.ahk
   What on earth, we didn't even see the usaa logo

Debug: 2010-12-05_22-38-27 C:\My Dropbox\AHKs\temporary3.ahk 
   silent log
   temporary3.ahk
   What on earth, we didn't even see the usaa logo

Debug: 2010-12-05_22-38-36 C:\My Dropbox\AHKs\temporary3.ahk 
   silent log
   temporary3.ahk
   What on earth, we didn't even see the usaa logo

Debug: 2010-12-05_22-40-03 C:\My Dropbox\AHKs\temporary3.ahk 
   silent log
   temporary3.ahk
   What on earth, we didn't even see the usaa logo

Debug: 2010-12-05_22-42-17 C:\My Dropbox\AHKs\temporary3.ahk 
   silent log
   temporary3.ahk
   What on earth, we didn't even see the usaa logo

Debug: 2010-12-05_22-42-37 C:\My Dropbox\AHKs\temporary4.ahk 
   silent log
   temporary4.ahk
   What on earth, we didn't even see the usaa logo

Debug: 2010-12-05_22-42-44 C:\My Dropbox\AHKs\temporary4.ahk 
   silent log
   temporary4.ahk
   What on earth, we didn't even see the usaa logo

Debug: 2010-12-05_22-42-48 C:\My Dropbox\AHKs\temporary3.ahk 
   silent log
   temporary3.ahk
   What on earth, we didn't even see the usaa logo

Debug: 2010-12-05_22-43-11 C:\My Dropbox\AHKs\temporary3.ahk 
   silent log
   temporary3.ahk
   What on earth, we didn't even see the usaa logo

ERROR: 2010-12-05_22-43-36 C:\My Dropbox\AHKs\temporary3.ahk 
   LOG ERRORD ClickIfImageSearch
   images/usaa/exportButton.bmp
   the aforementioned file does not exist

Debug: 2010-12-05_22-44-08 C:\My Dropbox\AHKs\temporary3.ahk 
   silent log
   temporary3.ahk
   What on earth, we didn't even see the usaa logo

Debug: 2010-12-06_08-05-31 C:\My Dropbox\AHKs\temporary3.ahk 
   silent log
   temporary3.ahk
   What on earth, we didn't even see the usaa logo

Debug: 2010-12-06_08-05-51 C:\My Dropbox\AHKs\temporary3.ahk 
   silent log
   temporary3.ahk
   What on earth, we didn't even see the usaa logo

Debug: 2010-12-06_08-08-40 C:\My Dropbox\AHKs\temporary3.ahk 
   silent log
   temporary3.ahk
   What on earth, we didn't even see the usaa logo

ERROR: 2010-12-06_08-08-47 C:\My Dropbox\AHKs\temporary3.ahk 
   LOG ERRORD FATAL temporary3.ahk
   59
   UsaaLogin
   didn't find logon button

Debug: 2010-12-06_08-08-56 C:\My Dropbox\AHKs\temporary3.ahk 
   silent log
   temporary3.ahk
   What on earth, we didn't even see the usaa logo

Debug: 2010-12-06_19-56-09 C:\My Dropbox\AHKs\temporary3.ahk 
   silent log
   temporary3.ahk
   What on earth, we didn't even see the usaa logo

ERROR: 2010-12-06_19-56-18 C:\My Dropbox\AHKs\temporary3.ahk 
   LOG ERRORD FATAL temporary3.ahk
   69
   UsaaLogin
   didn't find logon button

Debug: 2010-12-06_19-56-57 C:\My Dropbox\AHKs\temporary3.ahk 
   silent log
   temporary3.ahk
   What on earth, we didn't even see the usaa logo

Debug: 2010-12-06_19-59-22 C:\My Dropbox\AHKs\temporary3.ahk 
   silent log
   temporary3.ahk
   What on earth, we didn't even see the usaa logo

Debug: 2010-12-06_20-01-14 C:\My Dropbox\AHKs\temporary3.ahk 
   silent log
   temporary3.ahk
   What on earth, we didn't even see the usaa logo

Debug: 2010-12-06_20-03-14 C:\My Dropbox\AHKs\temporary3.ahk 
   silent log
   temporary3.ahk
   What on earth, we didn't even see the usaa logo

Debug: 2010-12-06_20-05-44 C:\My Dropbox\AHKs\temporary3.ahk 
   silent log
   temporary3.ahk
   What on earth, we didn't even see the usaa logo

Debug: 2010-12-06_20-07-29 C:\My Dropbox\AHKs\temporary3.ahk 
   silent log
   temporary3.ahk
   What on earth, we didn't even see the usaa logo

Debug: 2010-12-06_20-15-00 C:\My Dropbox\AHKs\temporary3.ahk 
   silent log
   temporary3.ahk
   What on earth, we didn't even see the usaa logo

Debug: 2010-12-06_20-17-59 C:\My Dropbox\AHKs\temporary3.ahk 
   silent log
   temporary3.ahk
   What on earth, we didn't even see the usaa logo

Debug: 2010-12-06_20-19-07 C:\My Dropbox\AHKs\temporary3.ahk 
   silent log
   temporary3.ahk
   What on earth, we didn't even see the usaa logo

Debug: 2010-12-06_20-21-17 C:\My Dropbox\AHKs\temporary3.ahk 
   silent log
   temporary3.ahk
   What on earth, we didn't even see the usaa logo

Debug: 2010-12-06_20-23-25 C:\My Dropbox\AHKs\temporary3.ahk 
   silent log
   temporary3.ahk
   What on earth, we didn't even see the usaa logo

ERROR: 2010-12-06_20-23-59 C:\My Dropbox\AHKs\temporary3.ahk 
   LOG ERRORD FATAL red line
   temporary3.ahk
   91
   UsaaLogin
   failed to recognize security question

ERROR: 2010-12-06_20-24-00 C:\My Dropbox\AHKs\SendQueuedEmails.ahk 
   LOG ERRORD
   Function Name:	"AddAttachment"
ERROR:		(0x800C000D)
PROG:	CDO.Message.1
DESC:	Unknown Error
HELP:	,0

ERROR2:	Member not found.
	(0x80020003)

Debug: 2010-12-06_22-27-02 C:\My Dropbox\AHKs\temporary3.ahk 
   silent log
   temporary3.ahk
   What on earth, we didn't even see the usaa logo

Debug: 2010-12-08_07-55-58 C:\My Dropbox\AHKs\CaptureAhkImage.ahk 
   silent log
   GetOS
   923
   Note: known errors here with detecting that Phosphorus is running Win7
   A_ComputerName:
   BAUSTIAN-09PC
   A_OSVERSIONNUM:
   
   A_OSVERSION:
   WIN_XP
   Checked using DLLCALL:
   5
   Checked using regread:
   5.1

Debug: 2010-12-08_07-55-58 C:\My Dropbox\AHKs\CaptureAhkImage.ahk 
   silent log
   GetOS
   923
   Note: known errors here with detecting that Phosphorus is running Win7
   A_ComputerName:
   BAUSTIAN-09PC
   A_OSVERSIONNUM:
   
   A_OSVERSION:
   WIN_XP
   Checked using DLLCALL:
   5
   Checked using regread:
   5.1

Debug: 2010-12-08_07-56-10 C:\My Dropbox\AHKs\AutoHotkey.ahk 
   silent log
   GetOS
   923
   Note: known errors here with detecting that Phosphorus is running Win7
   A_ComputerName:
   BAUSTIAN-09PC
   A_OSVERSIONNUM:
   
   A_OSVERSION:
   WIN_XP
   Checked using DLLCALL:
   5
   Checked using regread:
   5.1

Debug: 2010-12-08_22-28-07 C:\My Dropbox\AHKs\CreateJiraIssue.ahk 
   log
     

Debug: 2010-12-09_21-16-01 C:\My Dropbox\AHKs\UsaaGetAccountCsvs.ahk 
   silent log
   UsaaGetAccountCsvs.ahk
   What on earth, we didn't even see the usaa logo

Debug: 2010-12-09_21-18-06 C:\My Dropbox\AHKs\UsaaGetAccountCsvs.ahk 
   silent log
   UsaaGetAccountCsvs.ahk
   What on earth, we didn't even see the usaa logo

ERROR: 2010-12-10_08-12-33 C:\My Dropbox\AHKs\SendQueuedEmails.ahk 
   LOG ERRORD
   Function Name:	"AddAttachment"
ERROR:		(0x800C000D)
PROG:	CDO.Message.1
DESC:	Unknown Error
HELP:	,0

ERROR2:	Member not found.
	(0x80020003)

ERROR: 2010-12-10_08-13-39 C:\My Dropbox\AHKs\SendQueuedEmails.ahk 
   LOG ERRORD
   Function Name:	"AddAttachment"
ERROR:		(0x800C000D)
PROG:	CDO.Message.1
DESC:	Unknown Error
HELP:	,0

ERROR2:	Member not found.
	(0x80020003)

Debug: 2010-12-12_23-08-42 C:\My Dropbox\AHKs\UsaaGetAccountBalances.ahk 
   silent log from getacctinfo
   kids
   1000.19

Debug: 2010-12-12_23-09-01 C:\My Dropbox\AHKs\UsaaGetAccountBalances.ahk 
   silent log from getacctinfo
   kids
   1428.74

Debug: 2010-12-12_23-09-20 C:\My Dropbox\AHKs\UsaaGetAccountBalances.ahk 
   silent log from getacctinfo
   kids
   996.11

Debug: 2010-12-12_23-09-20 C:\My Dropbox\AHKs\UsaaGetAccountBalances.ahk 
   silent log grey line
   2010-12-12_23-08-01,1000.19,1428.74,996.11,1432.82

Debug: 2010-12-12_23-30-26 C:\My Dropbox\AHKs\UsaaGetAccountBalances.ahk 
   silent log from getacctinfo
   kids
   1000.19

Debug: 2010-12-12_23-30-45 C:\My Dropbox\AHKs\UsaaGetAccountBalances.ahk 
   silent log from getacctinfo
   kids
   1428.74

Debug: 2010-12-12_23-31-05 C:\My Dropbox\AHKs\UsaaGetAccountBalances.ahk 
   silent log from getacctinfo
   kids
   996.11

Debug: 2010-12-12_23-31-05 C:\My Dropbox\AHKs\UsaaGetAccountBalances.ahk 
   silent log grey line
   2010-12-12_23-29-39,1000.19,1428.74,996.11,1432.82

Debug: 2010-12-12_23-31-51 C:\My Dropbox\AHKs\UsaaGetAccountBalances.ahk 
   silent log from getacctinfo
   kids
   

Debug: 2010-12-12_23-32-09 C:\My Dropbox\AHKs\UsaaGetAccountBalances.ahk 
   silent log from getacctinfo
   kids
   1428.74

Debug: 2010-12-13_00-14-14 C:\My Dropbox\AHKs\UsaaGetAccountBalances.ahk 
   silent log from getacctinfo
   kids
   1000.19

Debug: 2010-12-13_00-14-33 C:\My Dropbox\AHKs\UsaaGetAccountBalances.ahk 
   silent log from getacctinfo
   kids
   1428.74

Debug: 2010-12-13_00-14-52 C:\My Dropbox\AHKs\UsaaGetAccountBalances.ahk 
   silent log from getacctinfo
   kids
   1122.22

Debug: 2010-12-13_00-14-52 C:\My Dropbox\AHKs\UsaaGetAccountBalances.ahk 
   silent log grey line
   2010-12-13_00-13-34,1000.19,1428.74,1122.22,1306.71

Debug: 2010-12-13_00-35-13 C:\My Dropbox\AHKs\UsaaGetAccountBalances.ahk 
   silent log green line
   found source page after # of tries:
   3

Debug: 2010-12-13_00-35-19 C:\My Dropbox\AHKs\UsaaGetAccountBalances.ahk 
   silent log from getacctinfo
   kids
   1000.19

Debug: 2010-12-13_00-35-39 C:\My Dropbox\AHKs\UsaaGetAccountBalances.ahk 
   silent log from getacctinfo
   kids
   1428.74

Debug: 2010-12-13_00-35-58 C:\My Dropbox\AHKs\UsaaGetAccountBalances.ahk 
   silent log from getacctinfo
   kids
   1122.22

Debug: 2010-12-13_00-36-00 C:\My Dropbox\AHKs\UsaaGetAccountBalances.ahk 
   silent log grey line
   2010-12-13_00-34-32,1000.19,1428.74,1122.22,1306.71

Debug: 2010-12-13_00-37-33 C:\My Dropbox\AHKs\UsaaGetAccountBalances.ahk 
   silent log from getacctinfo
   kids
   1000.19

Debug: 2010-12-13_00-37-52 C:\My Dropbox\AHKs\UsaaGetAccountBalances.ahk 
   silent log from getacctinfo
   kids
   1428.74

Debug: 2010-12-13_00-38-12 C:\My Dropbox\AHKs\UsaaGetAccountBalances.ahk 
   silent log from getacctinfo
   kids
   1122.22

Debug: 2010-12-13_00-38-12 C:\My Dropbox\AHKs\UsaaGetAccountBalances.ahk 
   silent log green line
   13
   12.903226
   87.096774
   86.972050
   7574.985000

Debug: 2010-12-13_00-38-12 C:\My Dropbox\AHKs\UsaaGetAccountBalances.ahk 
   silent log grey line
   2010-12-13_00-36-46,1000.19,1428.74,1122.22,1306.71

Debug: 2010-12-13_00-40-44 C:\My Dropbox\AHKs\temporary3.ahk 
   silent log green line
   13
   4
   12.903226
   87.096774
   
   

Debug: 2010-12-13_00-41-23 C:\My Dropbox\AHKs\temporary3.ahk 
   silent log green line
   13
   0
   0.000000
   100.000000
   
   

Debug: 2010-12-13_00-41-57 C:\My Dropbox\AHKs\temporary3.ahk 
   silent log green line
   13
   22
   70.967742
   29.032258
   
   

Debug: 2010-12-13_00-44-28 C:\My Dropbox\AHKs\UsaaGetAccountBalances.ahk 
   silent log from getacctinfo
   kids
   1000.19

Debug: 2010-12-13_00-44-46 C:\My Dropbox\AHKs\UsaaGetAccountBalances.ahk 
   silent log from getacctinfo
   kids
   1428.74

Debug: 2010-12-13_00-45-05 C:\My Dropbox\AHKs\UsaaGetAccountBalances.ahk 
   silent log from getacctinfo
   kids
   1122.22

Debug: 2010-12-13_00-45-05 C:\My Dropbox\AHKs\UsaaGetAccountBalances.ahk 
   silent log green line
   13
   22
   70.967742
   29.032258
   15.813100
   459.090000

Debug: 2010-12-13_00-45-05 C:\My Dropbox\AHKs\UsaaGetAccountBalances.ahk 
   silent log grey line
   2010-12-13_00-43-37,1000.19,1428.74,1122.22,1306.71

Debug: 2010-12-13_00-47-40 C:\My Dropbox\AHKs\UsaaGetAccountBalances.ahk 
   silent log from getacctinfo
   kids
   1122.22

Debug: 2010-12-13_00-47-40 C:\My Dropbox\AHKs\UsaaGetAccountBalances.ahk 
   silent log green line
   13
   22
   70.967742
   29.032258
   15.813100
   459.090000

Debug: 2010-12-13_00-47-40 C:\My Dropbox\AHKs\UsaaGetAccountBalances.ahk 
   silent log grey line
   2010-12-13_00-46-54,,,1122.22,

Debug: 2010-12-13_00-50-29 C:\My Dropbox\AHKs\UsaaGetAccountBalances.ahk 
   silent log from getacctinfo
   kids
   1122.22

Debug: 2010-12-13_00-50-29 C:\My Dropbox\AHKs\UsaaGetAccountBalances.ahk 
   silent log green line
   13
   22
   70.967742
   29.032258
   15.813100
   1581.310000

Debug: 2010-12-13_00-50-29 C:\My Dropbox\AHKs\UsaaGetAccountBalances.ahk 
   silent log grey line
   2010-12-13_00-49-32,,,1122.22,,1581.310000

Debug: 2010-12-13_22-34-04 C:\My Dropbox\AHKs\UsaaGetAccountBalances.ahk 
   silent log from getacctinfo
   kids
   1000.19

Debug: 2010-12-13_22-34-30 C:\My Dropbox\AHKs\UsaaGetAccountBalances.ahk 
   silent log from getacctinfo
   kids
   1428.74

Debug: 2010-12-13_22-34-56 C:\My Dropbox\AHKs\UsaaGetAccountBalances.ahk 
   silent log from getacctinfo
   kids
   1122.22

Debug: 2010-12-13_22-34-56 C:\My Dropbox\AHKs\UsaaGetAccountBalances.ahk 
   silent log green line
   13
   22
   70.967742
   29.032258
   15.813100
   1581.31

Debug: 2010-12-13_22-34-56 C:\My Dropbox\AHKs\UsaaGetAccountBalances.ahk 
   silent log grey line
   2010-12-13_22-34-56,1000.19,1428.74,1122.22,1306.71,1581.31

ERROR: 2010-12-14_00-02-02 C:\My Dropbox\AHKs\UsaaGetAccountBalances.ahk 
   LOG ERRORD FATAL UsaaGetAccountBalances.ahk
   83
   UsaaLogin
   didn't find next button

Debug: 2010-12-14_00-05-13 C:\My Dropbox\AHKs\UsaaGetAccountBalances.ahk 
   silent log from getacctinfo
   kids
   1000.19

Debug: 2010-12-14_00-05-38 C:\My Dropbox\AHKs\UsaaGetAccountBalances.ahk 
   silent log from getacctinfo
   kids
   1428.74

Debug: 2010-12-14_00-06-03 C:\My Dropbox\AHKs\UsaaGetAccountBalances.ahk 
   silent log from getacctinfo
   kids
   1271.22

Debug: 2010-12-14_00-06-03 C:\My Dropbox\AHKs\UsaaGetAccountBalances.ahk 
   silent log green line
   14
   23
   74.193548
   25.806452
   17.133835
   1713.38

Debug: 2010-12-14_00-06-03 C:\My Dropbox\AHKs\UsaaGetAccountBalances.ahk 
   silent log grey line
   2010-12-14_00-06-03,1000.19,1428.74,1271.22,1157.71,1713.38

